{"name": "test_007", "status": "failed", "statusDetails": {"message": "AssertionError: assert 400 == 201", "trace": "self = <API_Requests.Tests.test_register_unsuccessful.Test_007 object at 0x000002D6B5A53110>, setup_teardown = None\n\n    def test_007(self,setup_teardown):\n        \"\"\"\" Test to check POST Request to register successfully \"\"\"\n    \n        self.base_url = get_config()['API']['base_url']\n        self.client = RestClient(self.base_url)\n        self.json = {\n                        \"email\": \"sydney@fife\"\n                    }\n    \n        self.headers = {\n            'Content-Type': 'application/json'\n                        }\n    \n        logger.info(\"*********** executing test_007 ****************\")\n    \n        post_request,status_code = self.client.post_request(end_point=\"register\",data=self.json,headers=self.headers,json_data_fmt=True,response_with_status_code=True)\n    \n        assert post_request is not None, \"POST request returned None\"\n>       assert status_code == 201\nE       assert 400 == 201\n\nAPI_Requests\\Tests\\test_register_unsuccessful.py:31: AssertionError"}, "description": "\" Test to check POST Request to register successfully ", "attachments": [{"name": "log", "source": "23d9e55b-38bf-44d3-9140-1c6d59b0864f-attachment.txt", "type": "text/plain"}], "start": 1725531414009, "stop": 1725531414403, "uuid": "fb299356-b11d-434a-920d-f2e51b401eb3", "historyId": "9e8b938e99f38f72b31ca7e0fe06f4c0", "testCaseId": "9e8b938e99f38f72b31ca7e0fe06f4c0", "fullName": "API_Requests.Tests.test_register_unsuccessful.Test_007#test_007", "labels": [{"name": "parentSuite", "value": "API_Requests.Tests"}, {"name": "suite", "value": "test_register_unsuccessful"}, {"name": "subSuite", "value": "Test_007"}, {"name": "host", "value": "NIT2LPT-24-269"}, {"name": "thread", "value": "15292-MainThread"}, {"name": "framework", "value": "pytest"}, {"name": "language", "value": "cpython3"}, {"name": "package", "value": "API_Requests.Tests.test_register_unsuccessful"}]}